<?xml version="1.0" encoding="UTF-8"?>
<testng-results ignored="0" total="1" passed="1" failed="0" skipped="0">
  <reporter-output>
  </reporter-output>
  <suite started-at="2025-05-11T22:14:38 IST" name="SauceDemo Suite" finished-at="2025-05-11T22:14:45 IST" duration-ms="6750">
    <groups>
    </groups>
    <test started-at="2025-05-11T22:14:38 IST" name="Login Test" finished-at="2025-05-11T22:14:45 IST" duration-ms="6750">
      <class name="tests.LoginTest">
        <test-method is-config="true" signature="setUpReport()[pri:0, instance:tests.LoginTest@55b699ef]" started-at="2025-05-11T22:14:38 IST" name="setUpReport" finished-at="2025-05-11T22:14:38 IST" duration-ms="194" status="PASS">
          <reporter-output>
          </reporter-output>
        </test-method> <!-- setUpReport -->
        <test-method is-config="true" signature="setUp()[pri:0, instance:tests.LoginTest@55b699ef]" started-at="2025-05-11T22:14:38 IST" name="setUp" finished-at="2025-05-11T22:14:43 IST" duration-ms="5063" status="PASS">
          <reporter-output>
          </reporter-output>
        </test-method> <!-- setUp -->
        <test-method signature="testCheckoutFlow()[pri:0, instance:tests.LoginTest@55b699ef]" started-at="2025-05-11T22:14:43 IST" name="testCheckoutFlow" finished-at="2025-05-11T22:14:45 IST" duration-ms="1667" status="PASS">
          <reporter-output>
          </reporter-output>
        </test-method> <!-- testCheckoutFlow -->
        <test-method is-config="true" signature="tearDown()[pri:0, instance:tests.LoginTest@55b699ef]" started-at="2025-05-11T22:14:45 IST" name="tearDown" finished-at="2025-05-11T22:14:45 IST" duration-ms="0" status="PASS">
          <reporter-output>
          </reporter-output>
        </test-method> <!-- tearDown -->
        <test-method is-config="true" signature="tearDownReport()[pri:0, instance:tests.LoginTest@55b699ef]" started-at="2025-05-11T22:14:45 IST" name="tearDownReport" finished-at="2025-05-11T22:14:45 IST" duration-ms="179" status="PASS">
          <reporter-output>
          </reporter-output>
        </test-method> <!-- tearDownReport -->
      </class> <!-- tests.LoginTest -->
    </test> <!-- Login Test -->
  </suite> <!-- SauceDemo Suite -->
</testng-results>
