<?xml version="1.0" encoding="UTF-8"?>
<testng-results ignored="0" total="1" passed="1" failed="0" skipped="0">
  <reporter-output>
  </reporter-output>
  <suite started-at="2025-05-11T22:24:58 IST" name="SauceDemo Suite" finished-at="2025-05-11T22:25:05 IST" duration-ms="6557">
    <groups>
    </groups>
    <test started-at="2025-05-11T22:24:58 IST" name="Login Test" finished-at="2025-05-11T22:25:05 IST" duration-ms="6557">
      <class name="tests.LoginTest">
        <test-method is-config="true" signature="setUpReport()[pri:0, instance:tests.LoginTest@689604d9]" started-at="2025-05-11T22:24:58 IST" name="setUpReport" finished-at="2025-05-11T22:24:58 IST" duration-ms="204" status="PASS">
          <reporter-output>
          </reporter-output>
        </test-method> <!-- setUpReport -->
        <test-method is-config="true" signature="setUp()[pri:0, instance:tests.LoginTest@689604d9]" started-at="2025-05-11T22:24:58 IST" name="setUp" finished-at="2025-05-11T22:25:03 IST" duration-ms="4653" status="PASS">
          <reporter-output>
          </reporter-output>
        </test-method> <!-- setUp -->
        <test-method signature="testCheckoutFlow()[pri:0, instance:tests.LoginTest@689604d9]" started-at="2025-05-11T22:25:03 IST" name="testCheckoutFlow" finished-at="2025-05-11T22:25:05 IST" duration-ms="1875" status="PASS">
          <reporter-output>
          </reporter-output>
        </test-method> <!-- testCheckoutFlow -->
        <test-method is-config="true" signature="tearDown()[pri:0, instance:tests.LoginTest@689604d9]" started-at="2025-05-11T22:25:05 IST" name="tearDown" finished-at="2025-05-11T22:25:05 IST" duration-ms="1" status="PASS">
          <reporter-output>
          </reporter-output>
        </test-method> <!-- tearDown -->
        <test-method is-config="true" signature="tearDownReport()[pri:0, instance:tests.LoginTest@689604d9]" started-at="2025-05-11T22:25:05 IST" name="tearDownReport" finished-at="2025-05-11T22:25:05 IST" duration-ms="239" status="PASS">
          <reporter-output>
          </reporter-output>
        </test-method> <!-- tearDownReport -->
      </class> <!-- tests.LoginTest -->
    </test> <!-- Login Test -->
  </suite> <!-- SauceDemo Suite -->
</testng-results>
